<?xml version="1.0" encoding="UTF-8"?>
<!-- Generated by org.testng.reporters.JUnitReportReporter -->
<testsuite hostname="DESKTOP-46US61V" failures="0" tests="1" name="com.wbl.FirstRestAssured.HTTPPut" time="40.743" errors="0" timestamp="2021-04-28T12:24:20 PDT" skipped="0">
  <testcase classname="com.wbl.FirstRestAssured.HTTPPut" name="putRequest" time="40.743"/>
</testsuite> <!-- com.wbl.FirstRestAssured.HTTPPut -->
