<?xml version="1.0" encoding="UTF-8"?>
<!-- Generated by org.testng.reporters.JUnitReportReporter -->
<testsuite hostname="DESKTOP-46US61V" failures="0" tests="1" name="com.wbl.FirstRestAssured.HTTPPost" time="45.924" errors="0" timestamp="2021-04-28T12:32:11 PDT" skipped="0">
  <testcase classname="com.wbl.FirstRestAssured.HTTPPost" name="postRequest" time="45.924"/>
</testsuite> <!-- com.wbl.FirstRestAssured.HTTPPost -->
