<?xml version="1.0" encoding="UTF-8"?>
<!-- Generated by org.testng.reporters.JUnitReportReporter -->
<testsuite hostname="DESKTOP-46US61V" failures="0" tests="1" name="com.wbl.FirstRestAssured.HTTPDelete" time="47.801" errors="0" timestamp="2021-04-28T12:35:39 PDT" skipped="0">
  <testcase classname="com.wbl.FirstRestAssured.HTTPDelete" name="putRequest" time="47.801"/>
</testsuite> <!-- com.wbl.FirstRestAssured.HTTPDelete -->
