<?xml version="1.0" encoding="UTF-8"?>
<!-- Generated by org.testng.reporters.JUnitReportReporter -->
<testsuite hostname="DESKTOP-46US61V" failures="0" tests="1" name="com.wbl.FirstRestAssured.HTTPMethods" time="57.040" errors="0" timestamp="2021-04-28T12:11:14 PDT" skipped="0">
  <testcase classname="com.wbl.FirstRestAssured.HTTPMethods" name="getRequest" time="57.040"/>
</testsuite> <!-- com.wbl.FirstRestAssured.HTTPMethods -->
